2025-06-22-21:00:44.591 [INFO] Start listening on port 8080.
2025-06-22-21:00:54.077 [INFO] New connection from 127.0.0.1:1785
2025-06-22-21:01:01.527 [INFO] Client 388: Log in success.
2025-06-22-21:01:12.047 [INFO] Client 388: CREATE TABLE test index INT
2025-06-22-21:01:57.590 [INFO] Client 388: INSERT INTO test (index) VALUES (1)
2025-06-22-21:02:07.496 [INFO] Client 388: SELECT * FROM test
2025-06-22-21:06:30.846 [INFO] Start listening on port 8080.
2025-06-22-21:06:43.540 [INFO] New connection from 127.0.0.1:1844
2025-06-22-21:06:49.553 [INFO] Client 332: Log in success.
2025-06-22-21:07:00.712 [INFO] Client 332: DROP TABLE test
2025-06-22-21:07:11.638 [INFO] Client 332: CREATE TABLE test
2025-06-22-21:07:11.652 [WARNING] Client 332: [FAILED] Unable to create table with zero column
2025-06-22-21:07:51.028 [INFO] Start listening on port 8080.
2025-06-22-21:08:02.603 [INFO] New connection from 127.0.0.1:1865
2025-06-22-21:16:29.312 [INFO] Start listening on port 8080.
2025-06-22-21:16:39.528 [INFO] New connection from 127.0.0.1:1948
2025-06-22-21:16:46.843 [INFO] Client 356: Log in success.
2025-06-22-21:17:13.940 [INFO] Start listening on port 8080.
2025-06-22-21:17:30.230 [INFO] New connection from 127.0.0.1:1960
2025-06-22-21:17:43.622 [INFO] Client 332: Log in success.
2025-06-22-21:18:04.887 [ERROR] Client 332: Client disconnected.
2025-06-22-21:18:49.161 [INFO] Start listening on port 8080.
2025-06-22-21:18:59.636 [INFO] New connection from 127.0.0.1:1972
2025-06-22-21:19:09.014 [INFO] Client 376: Log in success.
2025-06-22-21:19:31.599 [INFO] Client 376: CREATE TABLE testindex INT;
2025-06-22-21:19:31.599 [WARNING] Client 376: [FAILED] Invalid column name.
2025-06-22-21:20:16.636 [INFO] Start listening on port 8080.
2025-06-22-21:20:27.236 [INFO] New connection from 127.0.0.1:1984
2025-06-22-21:20:31.882 [INFO] Client 348: Log in success.
2025-06-22-21:20:45.577 [INFO] Client 348: CREATE TABLE testindex INT;
2025-06-22-21:20:45.593 [WARNING] Client 348: [FAILED] Invalid column name.
2025-06-22-21:20:55.871 [ERROR] Client 348: Recv failed.
2025-06-22-21:21:04.268 [INFO] New connection from 127.0.0.1:1988
2025-06-22-21:21:18.857 [INFO] Client 384: Log in success.
2025-06-22-21:21:40.230 [ERROR] Client 384: Client disconnected.
2025-06-22-21:22:08.745 [INFO] Start listening on port 8080.
2025-06-22-21:22:18.448 [INFO] New connection from 127.0.0.1:1999
2025-06-22-21:22:23.784 [INFO] Client 356: Log in success.
2025-06-22-21:22:51.993 [INFO] Client 356: 
CREATE TABLE test
index INT
name VARCHAR(10)
age SMALLINT
;
2025-06-22-21:23:05.181 [INFO] Client 356: 
DROP TABLE test
;
2025-06-22-21:23:30.645 [INFO] Client 356: 
CREATE TABLE test
index INT
name VARCHAR(10)
age SMALLINT;
2025-06-22-21:23:56.439 [INFO] Client 356: 
DROP TABLE test;
2025-06-22-21:24:16.858 [INFO] Client 356: 
CREATE TABLE test
index INT
name VARCHAR(10);
2025-06-22-21:29:48.062 [INFO] Start listening on port 8080.
2025-06-22-21:29:58.122 [INFO] New connection from 127.0.0.1:2059
2025-06-22-21:30:13.172 [INFO] Client 380: Sign up success.
2025-06-22-21:30:46.688 [INFO] Client 380: 
CREATE TABLE test
index INT
name VARCHAR(10)
age SMALLINT;
2025-06-22-21:31:41.249 [INFO] Client 380: 
INSERT INTO test
(index, name, age)
VALUES
(1, "Alex", 20),
(2, "Bob", 25);
2025-06-22-21:31:51.812 [INFO] Client 380: 
SELECT * FROM test;
2025-06-22-21:32:30.963 [INFO] Client 380: 
UPDATE test age = 22
WHERE name = "Alex";
2025-06-22-21:32:30.963 [WARNING] Client 380: [FAILED] Could not found SET.
2025-06-22-21:32:54.965 [INFO] Client 380: 
UPDATE test
SET age = 22
WHERE name = "Alex";
2025-06-22-21:33:38.784 [INFO] Start listening on port 8080.
2025-06-22-21:33:55.271 [INFO] New connection from 127.0.0.1:2095
2025-06-22-21:34:03.140 [INFO] Client 200: Log in success.
2025-06-22-21:34:36.561 [INFO] Client 200: 
UPDATE test
SET age = 22
WHERE name = "Alex";
2025-06-22-21:38:23.364 [INFO] Client 200: 

SELECT * FROM test;
2025-06-22-21:38:44.566 [INFO] Client 200: 
DROP TABLE test;
2025-06-22-21:41:02.589 [INFO] Start listening on port 8080.
2025-06-22-21:41:11.914 [INFO] New connection from 127.0.0.1:2166
2025-06-22-21:41:21.236 [INFO] Client 396: Sign up success.
2025-06-22-21:41:44.817 [INFO] Client 396: 
CREATE TABLE test
index INT;
2025-06-22-21:41:54.667 [INFO] Client 396: 
DROP TABLE test
;
2025-06-22-21:42:51.014 [INFO] Start listening on port 8080.
2025-06-22-21:43:01.007 [INFO] New connection from 127.0.0.1:2181
2025-06-22-21:43:24.498 [INFO] Client 392: Sign up success.
2025-06-22-21:43:35.066 [INFO] Client 392: 
CREATE TABLE test
index INT;
2025-06-22-21:43:42.964 [INFO] Client 392: 
DROP TABLE test;
2025-06-22-21:43:55.165 [INFO] Client 392: 
CREATE TABLE test
index INT;
2025-06-22-21:44:24.872 [INFO] Client 392: 
INSERT INTO test
(index)
VALUES
(1),
(2),
(3),
(4);
2025-06-22-21:44:36.676 [INFO] Client 392: 
SELECT * FROM test;
2025-06-22-21:44:39.800 [INFO] Client 392: 
QUIT;
2025-06-22-21:45:25.242 [ERROR] Client 392: Recv failed.
2025-06-22-21:45:41.239 [INFO] New connection from 127.0.0.1:2197
2025-06-22-21:45:51.108 [INFO] Client 412: Log in success.
2025-06-22-21:45:54.293 [ERROR] Client 412: Client disconnected.
